{"C:\\Raj_Proj\\pnl\\cdk-demo-project\\cdk-demo-project\\lib\\cdk-demo-project-stack.ts": {"path":"C:\\Raj_Proj\\pnl\\cdk-demo-project\\cdk-demo-project\\lib\\cdk-demo-project-stack.ts","statementMap":{"0":{"start":{"line":1,"column":0},"end":{"line":1,"column":96}},"1":{"start":{"line":4,"column":0},"end":{"line":4,"column":50}},"2":{"start":{"line":5,"column":0},"end":{"line":5,"column":49}},"3":{"start":{"line":9,"column":4},"end":{"line":9,"column":28}},"4":{"start":{"line":13,"column":35},"end":{"line":16,"column":6}},"5":{"start":{"line":19,"column":33},"end":{"line":22,"column":6}},"6":{"start":{"line":26,"column":32},"end":{"line":30,"column":6}},"7":{"start":{"line":34,"column":27},"end":{"line":38,"column":6}},"8":{"start":{"line":7,"column":0},"end":{"line":7,"column":13}}},"fnMap":{"0":{"name":"(anonymous_1)","decl":{"start":{"line":8,"column":2},"end":{"line":8,"column":14}},"loc":{"start":{"line":8,"column":62},"end":{"line":56,"column":3}}}},"branchMap":{},"s":{"0":1,"1":1,"2":1,"3":1,"4":1,"5":1,"6":1,"7":1,"8":1},"f":{"0":1},"b":{}}
,"C:\\Raj_Proj\\pnl\\cdk-demo-project\\cdk-demo-project\\lib\\constructs\\dynamodb.ts": {"path":"C:\\Raj_Proj\\pnl\\cdk-demo-project\\cdk-demo-project\\lib\\constructs\\dynamodb.ts","statementMap":{"0":{"start":{"line":2,"column":0},"end":{"line":2,"column":53}},"1":{"start":{"line":3,"column":0},"end":{"line":3,"column":39}},"2":{"start":{"line":19,"column":4},"end":{"line":19,"column":21}},"3":{"start":{"line":16,"column":21},"end":{"line":16,"column":37}},"4":{"start":{"line":17,"column":21},"end":{"line":17,"column":31}},"5":{"start":{"line":18,"column":21},"end":{"line":18,"column":42}},"6":{"start":{"line":21,"column":4},"end":{"line":21,"column":52}},"7":{"start":{"line":25,"column":4},"end":{"line":25,"column":30}},"8":{"start":{"line":30,"column":4},"end":{"line":37,"column":9}},"9":{"start":{"line":12,"column":0},"end":{"line":12,"column":21}}},"fnMap":{"0":{"name":"(anonymous_6)","decl":{"start":{"line":15,"column":2},"end":{"line":15,"column":null}},"loc":{"start":{"line":18,"column":42},"end":{"line":22,"column":3}}},"1":{"name":"(anonymous_7)","decl":{"start":{"line":24,"column":9},"end":{"line":24,"column":25}},"loc":{"start":{"line":24,"column":25},"end":{"line":26,"column":3}}},"2":{"name":"(anonymous_8)","decl":{"start":{"line":28,"column":10},"end":{"line":28,"column":29}},"loc":{"start":{"line":28,"column":29},"end":{"line":38,"column":3}}}},"branchMap":{},"s":{"0":1,"1":1,"2":3,"3":3,"4":3,"5":3,"6":3,"7":3,"8":3,"9":1},"f":{"0":3,"1":3,"2":3},"b":{}}
,"C:\\Raj_Proj\\pnl\\cdk-demo-project\\cdk-demo-project\\lib\\constructs\\lambdas.ts": {"path":"C:\\Raj_Proj\\pnl\\cdk-demo-project\\cdk-demo-project\\lib\\constructs\\lambdas.ts","statementMap":{"0":{"start":{"line":1,"column":0},"end":{"line":1,"column":null}},"1":{"start":{"line":9,"column":0},"end":{"line":9,"column":39}},"2":{"start":{"line":10,"column":0},"end":{"line":10,"column":28}},"3":{"start":{"line":11,"column":0},"end":{"line":11,"column":24}},"4":{"start":{"line":30,"column":6},"end":{"line":30,"column":23}},"5":{"start":{"line":26,"column":23},"end":{"line":26,"column":39}},"6":{"start":{"line":27,"column":23},"end":{"line":27,"column":33}},"7":{"start":{"line":28,"column":23},"end":{"line":28,"column":53}},"8":{"start":{"line":31,"column":6},"end":{"line":31,"column":56}},"9":{"start":{"line":35,"column":8},"end":{"line":35,"column":35}},"10":{"start":{"line":39,"column":6},"end":{"line":63,"column":8}},"11":{"start":{"line":67,"column":6},"end":{"line":73,"column":9}},"12":{"start":{"line":77,"column":8},"end":{"line":82,"column":10}},"13":{"start":{"line":86,"column":29},"end":{"line":104,"column":null}},"14":{"start":{"line":107,"column":28},"end":{"line":107,"column":68}},"15":{"start":{"line":108,"column":6},"end":{"line":108,"column":60}},"16":{"start":{"line":109,"column":6},"end":{"line":109,"column":28}},"17":{"start":{"line":142,"column":6},"end":{"line":149,"column":8}},"18":{"start":{"line":153,"column":6},"end":{"line":159,"column":8}},"19":{"start":{"line":21,"column":2},"end":{"line":21,"column":23}}},"fnMap":{"0":{"name":"(anonymous_1)","decl":{"start":{"line":25,"column":4},"end":{"line":25,"column":null}},"loc":{"start":{"line":28,"column":53},"end":{"line":32,"column":5}}},"1":{"name":"(anonymous_2)","decl":{"start":{"line":34,"column":11},"end":{"line":34,"column":28}},"loc":{"start":{"line":34,"column":28},"end":{"line":36,"column":5}}},"2":{"name":"(anonymous_3)","decl":{"start":{"line":38,"column":12},"end":{"line":38,"column":32}},"loc":{"start":{"line":38,"column":32},"end":{"line":64,"column":5}}},"3":{"name":"(anonymous_4)","decl":{"start":{"line":66,"column":12},"end":{"line":66,"column":29}},"loc":{"start":{"line":66,"column":29},"end":{"line":74,"column":5}}},"4":{"name":"(anonymous_5)","decl":{"start":{"line":76,"column":12},"end":{"line":76,"column":32}},"loc":{"start":{"line":76,"column":32},"end":{"line":83,"column":5}}},"5":{"name":"(anonymous_6)","decl":{"start":{"line":85,"column":12},"end":{"line":85,"column":32}},"loc":{"start":{"line":85,"column":32},"end":{"line":110,"column":5}}},"6":{"name":"(anonymous_7)","decl":{"start":{"line":138,"column":12},"end":{"line":138,"column":29}},"loc":{"start":{"line":140,"column":36},"end":{"line":150,"column":5}}},"7":{"name":"(anonymous_8)","decl":{"start":{"line":152,"column":12},"end":{"line":152,"column":31}},"loc":{"start":{"line":152,"column":63},"end":{"line":160,"column":5}}}},"branchMap":{},"s":{"0":1,"1":1,"2":1,"3":1,"4":1,"5":1,"6":1,"7":1,"8":1,"9":0,"10":1,"11":1,"12":1,"13":1,"14":1,"15":1,"16":1,"17":1,"18":1,"19":1},"f":{"0":1,"1":0,"2":1,"3":1,"4":1,"5":1,"6":1,"7":1},"b":{}}
}
