{"C:\\Raj_Proj\\pnl\\pnl_iot_assignment\\bin\\context.ts": {"path":"C:\\Raj_Proj\\pnl\\pnl_iot_assignment\\bin\\context.ts","statementMap":{"0":{"start":{"line":14,"column":15},"end":{"line":25,"column":4}},"1":{"start":{"line":27,"column":15},"end":{"line":38,"column":4}}},"fnMap":{},"branchMap":{},"s":{"0":1,"1":1},"f":{},"b":{}}
,"C:\\Raj_Proj\\pnl\\pnl_iot_assignment\\lib\\pnl_iot_assignment-stack.ts": {"path":"C:\\Raj_Proj\\pnl\\pnl_iot_assignment\\lib\\pnl_iot_assignment-stack.ts","statementMap":{"0":{"start":{"line":2,"column":0},"end":{"line":2,"column":95}},"1":{"start":{"line":3,"column":0},"end":{"line":3,"column":73}},"2":{"start":{"line":5,"column":0},"end":{"line":5,"column":50}},"3":{"start":{"line":6,"column":0},"end":{"line":6,"column":58}},"4":{"start":{"line":24,"column":4},"end":{"line":24,"column":28}},"5":{"start":{"line":28,"column":35},"end":{"line":31,"column":6}},"6":{"start":{"line":34,"column":33},"end":{"line":37,"column":6}},"7":{"start":{"line":41,"column":32},"end":{"line":45,"column":6}},"8":{"start":{"line":49,"column":27},"end":{"line":57,"column":6}},"9":{"start":{"line":61,"column":4},"end":{"line":61,"column":96}},"10":{"start":{"line":64,"column":4},"end":{"line":64,"column":94}},"11":{"start":{"line":67,"column":4},"end":{"line":67,"column":95}},"12":{"start":{"line":70,"column":4},"end":{"line":74,"column":6}},"13":{"start":{"line":22,"column":0},"end":{"line":22,"column":13}}},"fnMap":{"0":{"name":"(anonymous_1)","decl":{"start":{"line":23,"column":2},"end":{"line":23,"column":14}},"loc":{"start":{"line":23,"column":77},"end":{"line":75,"column":3}}}},"branchMap":{},"s":{"0":1,"1":1,"2":1,"3":1,"4":1,"5":1,"6":1,"7":1,"8":1,"9":1,"10":1,"11":1,"12":1,"13":1},"f":{"0":1},"b":{}}
,"C:\\Raj_Proj\\pnl\\pnl_iot_assignment\\lib\\constructs\\dynamodb.ts": {"path":"C:\\Raj_Proj\\pnl\\pnl_iot_assignment\\lib\\constructs\\dynamodb.ts","statementMap":{"0":{"start":{"line":2,"column":0},"end":{"line":2,"column":53}},"1":{"start":{"line":3,"column":0},"end":{"line":3,"column":39}},"2":{"start":{"line":19,"column":4},"end":{"line":19,"column":21}},"3":{"start":{"line":16,"column":21},"end":{"line":16,"column":37}},"4":{"start":{"line":17,"column":21},"end":{"line":17,"column":31}},"5":{"start":{"line":18,"column":21},"end":{"line":18,"column":42}},"6":{"start":{"line":21,"column":4},"end":{"line":21,"column":52}},"7":{"start":{"line":25,"column":4},"end":{"line":25,"column":30}},"8":{"start":{"line":30,"column":4},"end":{"line":37,"column":9}},"9":{"start":{"line":12,"column":0},"end":{"line":12,"column":21}}},"fnMap":{"0":{"name":"(anonymous_6)","decl":{"start":{"line":15,"column":2},"end":{"line":15,"column":null}},"loc":{"start":{"line":18,"column":42},"end":{"line":22,"column":3}}},"1":{"name":"(anonymous_7)","decl":{"start":{"line":24,"column":9},"end":{"line":24,"column":25}},"loc":{"start":{"line":24,"column":25},"end":{"line":26,"column":3}}},"2":{"name":"(anonymous_8)","decl":{"start":{"line":28,"column":10},"end":{"line":28,"column":29}},"loc":{"start":{"line":28,"column":29},"end":{"line":38,"column":3}}}},"branchMap":{},"s":{"0":1,"1":1,"2":3,"3":3,"4":3,"5":3,"6":3,"7":7,"8":3,"9":1},"f":{"0":3,"1":7,"2":3},"b":{}}
,"C:\\Raj_Proj\\pnl\\pnl_iot_assignment\\lib\\constructs\\lambdas.ts": {"path":"C:\\Raj_Proj\\pnl\\pnl_iot_assignment\\lib\\constructs\\lambdas.ts","statementMap":{"0":{"start":{"line":1,"column":0},"end":{"line":1,"column":null}},"1":{"start":{"line":9,"column":0},"end":{"line":9,"column":39}},"2":{"start":{"line":10,"column":0},"end":{"line":10,"column":28}},"3":{"start":{"line":11,"column":0},"end":{"line":11,"column":24}},"4":{"start":{"line":33,"column":6},"end":{"line":33,"column":23}},"5":{"start":{"line":29,"column":23},"end":{"line":29,"column":39}},"6":{"start":{"line":30,"column":23},"end":{"line":30,"column":33}},"7":{"start":{"line":31,"column":23},"end":{"line":31,"column":53}},"8":{"start":{"line":34,"column":6},"end":{"line":34,"column":56}},"9":{"start":{"line":38,"column":8},"end":{"line":38,"column":35}},"10":{"start":{"line":42,"column":6},"end":{"line":66,"column":8}},"11":{"start":{"line":70,"column":6},"end":{"line":75,"column":9}},"12":{"start":{"line":79,"column":8},"end":{"line":84,"column":10}},"13":{"start":{"line":88,"column":29},"end":{"line":106,"column":null}},"14":{"start":{"line":109,"column":28},"end":{"line":109,"column":68}},"15":{"start":{"line":110,"column":6},"end":{"line":110,"column":60}},"16":{"start":{"line":111,"column":6},"end":{"line":111,"column":28}},"17":{"start":{"line":118,"column":6},"end":{"line":125,"column":8}},"18":{"start":{"line":129,"column":6},"end":{"line":135,"column":8}},"19":{"start":{"line":24,"column":2},"end":{"line":24,"column":23}}},"fnMap":{"0":{"name":"(anonymous_1)","decl":{"start":{"line":28,"column":4},"end":{"line":28,"column":null}},"loc":{"start":{"line":31,"column":53},"end":{"line":35,"column":5}}},"1":{"name":"(anonymous_2)","decl":{"start":{"line":37,"column":11},"end":{"line":37,"column":28}},"loc":{"start":{"line":37,"column":28},"end":{"line":39,"column":5}}},"2":{"name":"(anonymous_3)","decl":{"start":{"line":41,"column":12},"end":{"line":41,"column":32}},"loc":{"start":{"line":41,"column":32},"end":{"line":67,"column":5}}},"3":{"name":"(anonymous_4)","decl":{"start":{"line":69,"column":12},"end":{"line":69,"column":29}},"loc":{"start":{"line":69,"column":29},"end":{"line":76,"column":5}}},"4":{"name":"(anonymous_5)","decl":{"start":{"line":78,"column":12},"end":{"line":78,"column":32}},"loc":{"start":{"line":78,"column":32},"end":{"line":85,"column":5}}},"5":{"name":"(anonymous_6)","decl":{"start":{"line":87,"column":12},"end":{"line":87,"column":32}},"loc":{"start":{"line":87,"column":32},"end":{"line":112,"column":5}}},"6":{"name":"(anonymous_7)","decl":{"start":{"line":114,"column":12},"end":{"line":114,"column":29}},"loc":{"start":{"line":116,"column":36},"end":{"line":126,"column":5}}},"7":{"name":"(anonymous_8)","decl":{"start":{"line":128,"column":12},"end":{"line":128,"column":31}},"loc":{"start":{"line":128,"column":63},"end":{"line":136,"column":5}}}},"branchMap":{},"s":{"0":1,"1":1,"2":1,"3":1,"4":1,"5":1,"6":1,"7":1,"8":1,"9":4,"10":1,"11":1,"12":1,"13":1,"14":1,"15":1,"16":1,"17":1,"18":1,"19":1},"f":{"0":1,"1":4,"2":1,"3":1,"4":1,"5":1,"6":1,"7":1},"b":{}}
}
