TN:
SF:bin\context.ts
FNF:0
FNH:0
DA:14,1
DA:27,1
LF:2
LH:2
BRF:0
BRH:0
end_of_record
TN:
SF:lib\pnl_iot_assignment-stack.ts
FN:23,(anonymous_1)
FNF:1
FNH:1
FNDA:1,(anonymous_1)
DA:2,1
DA:3,1
DA:5,1
DA:6,1
DA:22,1
DA:24,1
DA:28,1
DA:34,1
DA:41,1
DA:49,1
DA:61,1
DA:64,1
DA:67,1
DA:70,1
LF:14
LH:14
BRF:0
BRH:0
end_of_record
TN:
SF:lib\constructs\dynamodb.ts
FN:15,(anonymous_6)
FN:24,(anonymous_7)
FN:28,(anonymous_8)
FNF:3
FNH:3
FNDA:3,(anonymous_6)
FNDA:7,(anonymous_7)
FNDA:3,(anonymous_8)
DA:2,1
DA:3,1
DA:12,1
DA:16,3
DA:17,3
DA:18,3
DA:19,3
DA:21,3
DA:25,7
DA:30,3
LF:10
LH:10
BRF:0
BRH:0
end_of_record
TN:
SF:lib\constructs\lambdas.ts
FN:28,(anonymous_1)
FN:37,(anonymous_2)
FN:41,(anonymous_3)
FN:69,(anonymous_4)
FN:78,(anonymous_5)
FN:87,(anonymous_6)
FN:114,(anonymous_7)
FN:128,(anonymous_8)
FNF:8
FNH:8
FNDA:1,(anonymous_1)
FNDA:4,(anonymous_2)
FNDA:1,(anonymous_3)
FNDA:1,(anonymous_4)
FNDA:1,(anonymous_5)
FNDA:1,(anonymous_6)
FNDA:1,(anonymous_7)
FNDA:1,(anonymous_8)
DA:1,1
DA:9,1
DA:10,1
DA:11,1
DA:24,1
DA:29,1
DA:30,1
DA:31,1
DA:33,1
DA:34,1
DA:38,4
DA:42,1
DA:70,1
DA:79,1
DA:88,1
DA:109,1
DA:110,1
DA:111,1
DA:118,1
DA:129,1
LF:20
LH:20
BRF:0
BRH:0
end_of_record
