TN:
SF:lib\cdk-demo-project-stack.ts
FN:8,(anonymous_1)
FNF:1
FNH:1
FNDA:1,(anonymous_1)
DA:1,1
DA:4,1
DA:5,1
DA:7,1
DA:9,1
DA:13,1
DA:19,1
DA:26,1
DA:34,1
LF:9
LH:9
BRF:0
BRH:0
end_of_record
TN:
SF:lib\constructs\dynamodb.ts
FN:15,(anonymous_6)
FN:24,(anonymous_7)
FN:28,(anonymous_8)
FNF:3
FNH:3
FNDA:3,(anonymous_6)
FNDA:3,(anonymous_7)
FNDA:3,(anonymous_8)
DA:2,1
DA:3,1
DA:12,1
DA:16,3
DA:17,3
DA:18,3
DA:19,3
DA:21,3
DA:25,3
DA:30,3
LF:10
LH:10
BRF:0
BRH:0
end_of_record
TN:
SF:lib\constructs\lambdas.ts
FN:25,(anonymous_1)
FN:34,(anonymous_2)
FN:38,(anonymous_3)
FN:66,(anonymous_4)
FN:76,(anonymous_5)
FN:85,(anonymous_6)
FN:138,(anonymous_7)
FN:152,(anonymous_8)
FNF:8
FNH:7
FNDA:1,(anonymous_1)
FNDA:0,(anonymous_2)
FNDA:1,(anonymous_3)
FNDA:1,(anonymous_4)
FNDA:1,(anonymous_5)
FNDA:1,(anonymous_6)
FNDA:1,(anonymous_7)
FNDA:1,(anonymous_8)
DA:1,1
DA:9,1
DA:10,1
DA:11,1
DA:21,1
DA:26,1
DA:27,1
DA:28,1
DA:30,1
DA:31,1
DA:35,0
DA:39,1
DA:67,1
DA:77,1
DA:86,1
DA:107,1
DA:108,1
DA:109,1
DA:142,1
DA:153,1
LF:20
LH:19
BRF:0
BRH:0
end_of_record
